<?xml version="1.0" encoding="UTF-8"?>
<!-- Generated by org.testng.reporters.JUnitReportReporter -->
<testsuite hostname="ashishsri" failures="0" tests="1" name="AllTestCases.TestCases" time="7.944" errors="0" timestamp="2024-03-24T09:55:53 IST" skipped="0">
  <testcase classname="AllTestCases.TestCases" name="Testcase1" time="7.944"/>
</testsuite> <!-- AllTestCases.TestCases -->
